<?xml version="1.0" encoding="UTF-8"?>
<!-- Generated by org.testng.reporters.JUnitReportReporter -->
<testsuite hostname="N2212008" failures="0" tests="1" name="com.qa.tests.HomeTest" time="0.016" errors="0" timestamp="2024-12-29T12:57:31 AST" skipped="0">
  <testcase classname="com.qa.tests.HomeTest" name="home" time="0.016"/>
</testsuite> <!-- com.qa.tests.HomeTest -->
